<?xml version="1.0" encoding="UTF-8"?>
<!-- Generated by org.testng.reporters.JUnitXMLReporter -->
<testsuite ignored="0" hostname="HYDPCM346015L" failures="1" tests="5" name="Test" time="107.258" errors="0" timestamp="22 Sep 2022 09:49:04 GMT">
  <testcase classname="com.guru.TestCases.LoginPageTest" name="ValidateTitleTest" time="0.034"/>
  <testcase classname="com.guru.TestCases.LoginPageTest" name="ValidateLoginLogoTest" time="0.114"/>
  <testcase classname="com.guru.TestCases.LoginPageTest" name="ValidateLoginLabelTest" time="0.105"/>
  <testcase classname="com.guru.TestCases.LoginPageTest" name="login" time="14.958"/>
  <testcase classname="com.guru.TestCases.LoginPageTest" name="login" time="4.427">
    <failure type="java.lang.AssertionError" message="expected [true] but found [false]">
      <![CDATA[java.lang.AssertionError: expected [true] but found [false]
	at com.guru.TestCases.LoginPageTest.login(LoginPageTest.java:60)
... Removed 27 stack frames]]>
    </failure>
  </testcase> <!-- login -->
</testsuite> <!-- Test -->
